d:\code_segment\cplusplus\vs2015\common\plusmodule\debug\plusmodule.pch
d:\code_segment\cplusplus\vs2015\common\plusmodule\debug\vc140.pdb
d:\code_segment\cplusplus\vs2015\common\plusmodule\debug\vc140.idb
d:\code_segment\cplusplus\vs2015\common\plusmodule\debug\stdafx.obj
d:\code_segment\cplusplus\vs2015\common\plusmodule\debug\factorymodel.obj
d:\code_segment\cplusplus\vs2015\common\plusmodule\debug\plusmodule.obj
d:\code_segment\cplusplus\vs2015\common\plusmodule\debug\reflectionex.obj
d:\code_segment\cplusplus\vs2015\common\plusmodule\debug\reflectionmodel.obj
d:\code_segment\cplusplus\vs2015\common\plusmodule\debug\simplefactory.obj
d:\code_segment\cplusplus\vs2015\common\plusmodule\debug\singleton.obj
d:\code_segment\cplusplus\vs2015\bind\plusmodule.ilk
d:\code_segment\cplusplus\vs2015\bind\plusmodule.exe
d:\code_segment\cplusplus\vs2015\bind\plusmodule.pdb
d:\code_segment\cplusplus\vs2015\common\plusmodule\..\..\bind\plusmodule.exe
d:\code_segment\cplusplus\vs2015\common\plusmodule\debug\plusmodule.tlog\cl.command.1.tlog
d:\code_segment\cplusplus\vs2015\common\plusmodule\debug\plusmodule.tlog\cl.read.1.tlog
d:\code_segment\cplusplus\vs2015\common\plusmodule\debug\plusmodule.tlog\cl.write.1.tlog
d:\code_segment\cplusplus\vs2015\common\plusmodule\debug\plusmodule.tlog\link.command.1.tlog
d:\code_segment\cplusplus\vs2015\common\plusmodule\debug\plusmodule.tlog\link.read.1.tlog
d:\code_segment\cplusplus\vs2015\common\plusmodule\debug\plusmodule.tlog\link.write.1.tlog
