d:\code_segment\cplusplus\vs2015\common\mydshow\debug\mydshow.pch
d:\code_segment\cplusplus\vs2015\common\mydshow\debug\vc140.pdb
d:\code_segment\cplusplus\vs2015\common\mydshow\debug\vc140.idb
d:\code_segment\cplusplus\vs2015\common\mydshow\debug\stdafx.obj
d:\code_segment\cplusplus\vs2015\common\mydshow\debug\mydshow.obj
d:\code_segment\cplusplus\vs2015\common\mydshow\debug\mydshowdlg.obj
d:\code_segment\cplusplus\vs2015\bind\mydshow.ilk
d:\code_segment\cplusplus\vs2015\bind\mydshow.exe
d:\code_segment\cplusplus\vs2015\bind\mydshow.pdb
d:\code_segment\cplusplus\vs2015\common\mydshow\debug\mydshow.res
d:\code_segment\cplusplus\vs2015\common\mydshow\..\..\bind\mydshow.exe
d:\code_segment\cplusplus\vs2015\common\mydshow\debug\mydshow.tlog\cl.command.1.tlog
d:\code_segment\cplusplus\vs2015\common\mydshow\debug\mydshow.tlog\cl.read.1.tlog
d:\code_segment\cplusplus\vs2015\common\mydshow\debug\mydshow.tlog\cl.write.1.tlog
d:\code_segment\cplusplus\vs2015\common\mydshow\debug\mydshow.tlog\link.command.1.tlog
d:\code_segment\cplusplus\vs2015\common\mydshow\debug\mydshow.tlog\link.read.1.tlog
d:\code_segment\cplusplus\vs2015\common\mydshow\debug\mydshow.tlog\link.write.1.tlog
d:\code_segment\cplusplus\vs2015\common\mydshow\debug\mydshow.tlog\rc.command.1.tlog
d:\code_segment\cplusplus\vs2015\common\mydshow\debug\mydshow.tlog\rc.read.1.tlog
d:\code_segment\cplusplus\vs2015\common\mydshow\debug\mydshow.tlog\rc.write.1.tlog
